2021-Jan-28 23:48:14 Наличие необходимых модулей php (check_php_modules): Ok
Все необходимые модули установлены
2021-Jan-28 23:48:14 Обязательные параметры PHP (check_php_settings): Ok
Настройки правильные
2021-Jan-28 23:48:14 Модули веб-сервера (check_security): Ok
Конфликтов не выявлено
2021-Jan-28 23:48:15 Значения переменных сервера (check_server_vars): Ok
Корректные
2021-Jan-28 23:48:15 Сохранение сессии (check_session): Ok
50% done
2021-Jan-28 23:48:15 Сохранение сессии (check_session): Ok
Успешно
2021-Jan-28 23:48:15 Параметры настройки UTF (mbstring и константа BX_UTF) (check_mbstring): Ok
Правильные. Сайт работает в UTF кодировке
2021-Jan-28 23:48:15 Служебные скрипты в корне сайта (check_install_scripts): Ok
Отсутствуют
2021-Jan-28 23:48:15 Работа с сокетами (check_socket): Ok
Connection to 10.211.55.3:80	Success

Успешно
2021-Jan-28 23:48:15 Выполнение агентов на cron (check_bx_crontab): Ok
Успешно
2021-Jan-28 23:48:16 Бизнес-чат в реальном времени (check_pull_stream): Ok
Server version: 4 (Bitrix Push server)
Connection to 10.211.55.3:80	Success
Connection to bitrix:8895	Success

Успешно
2021-Jan-28 23:48:16 Живые комментарии в ленте сообщений (check_pull_comments): Ok
Успешно
2021-Jan-28 23:48:16 Видеозвонки (check_turn): Ok
Connection to turn.calls.bitrix24.com:40001	Success

Доступны
2021-Jan-28 23:48:16 Мобильное приложение Битрикс24 (check_access_mobile): Warning
Замечание. Внешнее подключение к порталу не удалось, мобильное приложение работать не будет
2021-Jan-28 23:48:16 Уведомления пользователям на мобильные устройства (push уведомления) (check_push_bitrix): Fail
Ошибка! Функция недоступна из-за невозможности подключиться к порталу снаружи из мобильного приложения
2021-Jan-28 23:48:16 Работа с документами через Google Docs и MS Office Online (check_access_docs): Warning
Замечание. Функция недоступна из-за невозможности подключиться к порталу снаружи
2021-Jan-28 23:48:16 Битрикс24.Диск. Быстрая работа с файлами (check_fast_download): Ok
Connection to 10.211.55.3:80	Success

Успешно
2021-Jan-28 23:48:16 Поиск по содержимому документов (check_search): Ok
Успешно
2021-Jan-28 23:48:16 Отправка почтовых уведомлений (check_mail): Fail
Ошибка! Не работает
2021-Jan-28 23:48:17 Доступ к облачным сервисам 1С-Битрикс (check_ca_file): Ok
Успешно
2021-Jan-28 23:48:17 Интеграция с почтой внутри компании (check_connect_mail): Warning
Замечание. Интеграция с внешними почтовыми сервисами доступна, но ни один пользователь не выполнил настройку
2021-Jan-28 23:48:17 Интеграция с соцсетями (check_socnet): Warning
Замечание. Не настроен ни один социальный сервис в настройках модуля социальных сервисов
2021-Jan-28 23:48:17 Работа с REST API (check_rest): Ok
Успешно
2021-Jan-28 23:48:17 Публикация сообщений в живую ленту из почты (check_mail_push): Warning
Замечание. Не удалось получить MX запись для домена 
2021-Jan-28 23:48:17 Доступ снаружи к Экстранет (check_extranet): Fail
Ошибка! Экстранет не работает корректно т.к. портал не доступен из Интернета
2021-Jan-28 23:48:17 Редактирование документов в MS Office (check_webdav): Ok
Connection to 10.211.55.3:80	Success
Connection to 10.211.55.3:80	Success
Connection to 10.211.55.3:80	Success
Connection to 10.211.55.3:80	Success
Connection to 10.211.55.3:80	Success

Успешно
2021-Jan-28 23:48:17 Интеграция с внешними приложениями (MS Office, Outlook, Exchange) через безопасное подключение к порталу (check_socket_ssl): Warning
Connection to ssl://10.211.55.3:443 (certificate check enabled)	Fail
Connection to ssl://10.211.55.3:443	Fail

Замечание. Не удалось подключиться к https://10.211.55.3
2021-Jan-28 23:48:17 Интеграция с Active Directory (check_ad): Warning
Замечание. Интеграция с AD сервером не настроена
2021-Jan-28 23:48:17 Единая авторизация в Windows сети (NTLM) (check_ntlm): Warning
Замечание. Выключена опция использования NTLM авторизации в настройках модуля ldap
2021-Jan-28 23:48:17 Оценка производительности сервера (check_perf): Ok
Connection to 10.211.55.3:80	Success
Connection to 10.211.55.3:80	Success
Connection to 10.211.55.3:80	Success

Высокая (49.75 страниц в секунду)
2021-Jan-28 23:48:17 Ускорение открытия страниц (check_compression): Ok
Connection to 10.211.55.3:80	Success

Работает: используется сжатие модулем сервера
